Start testing: Oct 15 00:26 MSK
----------------------------------------------------------
1/4 Testing: test1
1/4 Test: test1
Command: "/home/arrias/Projects/Linux-basics-2020/seminar04/task02/main" "0"
Directory: /home/arrias/Projects/Linux-basics-2020/seminar04/task02
"test1" start time: Oct 15 00:26 MSK
Output:
----------------------------------------------------------
0
<end of output>
Test time =   0.00 sec
----------------------------------------------------------
Test Pass Reason:
Required regular expression found. Regex=[0]
"test1" end time: Oct 15 00:26 MSK
"test1" time elapsed: 00:00:00
----------------------------------------------------------

2/4 Testing: test2
2/4 Test: test2
Command: "/home/arrias/Projects/Linux-basics-2020/seminar04/task02/main" "1"
Directory: /home/arrias/Projects/Linux-basics-2020/seminar04/task02
"test2" start time: Oct 15 00:26 MSK
Output:
----------------------------------------------------------
1
<end of output>
Test time =   0.00 sec
----------------------------------------------------------
Test Pass Reason:
Required regular expression found. Regex=[1]
"test2" end time: Oct 15 00:26 MSK
"test2" time elapsed: 00:00:00
----------------------------------------------------------

3/4 Testing: test3
3/4 Test: test3
Command: "/home/arrias/Projects/Linux-basics-2020/seminar04/task02/main" "2"
Directory: /home/arrias/Projects/Linux-basics-2020/seminar04/task02
"test3" start time: Oct 15 00:26 MSK
Output:
----------------------------------------------------------
1
<end of output>
Test time =   0.00 sec
----------------------------------------------------------
Test Pass Reason:
Required regular expression found. Regex=[1]
"test3" end time: Oct 15 00:26 MSK
"test3" time elapsed: 00:00:00
----------------------------------------------------------

4/4 Testing: test4
4/4 Test: test4
Command: "/home/arrias/Projects/Linux-basics-2020/seminar04/task02/main" "3"
Directory: /home/arrias/Projects/Linux-basics-2020/seminar04/task02
"test4" start time: Oct 15 00:26 MSK
Output:
----------------------------------------------------------
2
<end of output>
Test time =   0.00 sec
----------------------------------------------------------
Test Pass Reason:
Required regular expression found. Regex=[2]
"test4" end time: Oct 15 00:26 MSK
"test4" time elapsed: 00:00:00
----------------------------------------------------------

End testing: Oct 15 00:26 MSK
